<?xml version="1.0" encoding="UTF-8"?>
<!-- Generated by org.testng.reporters.JUnitXMLReporter -->
<testsuite ignored="0" hostname="LAPTOP-KPEDOO5G" failures="0" tests="1" name="FireffoxTest" time="0.013" errors="0" timestamp="2024-06-03T16:35:28 IST">
  <testcase classname="MONEYCONTROL.com.moneycontrol.BaseTestClass" name="@BeforeMethod browsersetUp" time="0.0">
    <failure type="java.lang.Error" message="Unresolved compilation problems: 
	url1 cannot be resolved
	url1 cannot be resolved to a variable
">
      <![CDATA[java.lang.Error: Unresolved compilation problems: 
url1 cannot be resolved
url1 cannot be resolved to a variable

at MONEYCONTROL.com.moneycontrol.BaseTestClass.browsersetUp(BaseTestClass.java:45)
at java.base/java.util.ArrayList.forEach(ArrayList.java:1511)
... Removed 31 stack frames]]>
    </failure>
  </testcase> <!-- @BeforeMethod browsersetUp -->
  <testcase classname="MONEYCONTROL.com.moneycontrol.BaseTestClass" name="@AfterMethod endSession" time="-1.717412728293E9">
    <skipped/>
  </testcase> <!-- @AfterMethod endSession -->
  <testcase classname="MONEYCONTROL.com.moneycontrol.ScriptClass" name="UserAccessibility" time="0.0">
    <skipped/>
  </testcase> <!-- UserAccessibility -->
</testsuite> <!-- FireffoxTest -->
