<?xml version="1.0" encoding="UTF-8"?>
<testng-results ignored="0" total="1" passed="1" failed="0" skipped="0">
  <reporter-output>
  </reporter-output>
  <suite started-at="2024-06-03T18:12:35 IST" name="Suite" finished-at="2024-06-03T18:12:46 IST" duration-ms="10965">
    <groups>
    </groups>
    <test started-at="2024-06-03T18:12:35 IST" name="Chrometest" finished-at="2024-06-03T18:12:46 IST" duration-ms="10965">
      <class name="com.seleniumconcepts.SELENIUMCONCEPT.DynamicWebtable">
        <test-method is-config="true" signature="browserSetUp()[pri:0, instance:com.seleniumconcepts.SELENIUMCONCEPT.DynamicWebtable@77167fb7]" started-at="2024-06-03T18:12:35 IST" name="browserSetUp" finished-at="2024-06-03T18:12:45 IST" duration-ms="9979" status="PASS">
          <reporter-output>
          </reporter-output>
        </test-method> <!-- browserSetUp -->
        <test-method signature="findMaxValueinWebtable()[pri:0, instance:com.seleniumconcepts.SELENIUMCONCEPT.DynamicWebtable@77167fb7]" started-at="2024-06-03T18:12:45 IST" name="findMaxValueinWebtable" finished-at="2024-06-03T18:12:46 IST" duration-ms="763" status="PASS">
          <reporter-output>
          </reporter-output>
        </test-method> <!-- findMaxValueinWebtable -->
        <test-method is-config="true" signature="deleteSession()[pri:0, instance:com.seleniumconcepts.SELENIUMCONCEPT.DynamicWebtable@77167fb7]" started-at="2024-06-03T18:12:46 IST" name="deleteSession" finished-at="2024-06-03T18:12:46 IST" duration-ms="182" status="PASS">
          <reporter-output>
          </reporter-output>
        </test-method> <!-- deleteSession -->
      </class> <!-- com.seleniumconcepts.SELENIUMCONCEPT.DynamicWebtable -->
    </test> <!-- Chrometest -->
  </suite> <!-- Suite -->
</testng-results>
